<?xml version="1.0" encoding="UTF-8"?>
<testng-results ignored="0" total="1" passed="1" failed="0" skipped="0">
  <reporter-output>
  </reporter-output>
  <suite started-at="2020-07-09T13:42:50 EDT" name="Default suite" finished-at="2020-07-09T13:42:53 EDT" duration-ms="2270">
    <groups>
    </groups>
    <test started-at="2020-07-09T13:42:50 EDT" name="Default test" finished-at="2020-07-09T13:42:53 EDT" duration-ms="2270">
      <class name="com.hrms.JDBCDemo.JDBCDemo1">
        <test-method signature="abc()[pri:0, instance:com.hrms.JDBCDemo.JDBCDemo1@147ed70f]" started-at="2020-07-09T13:42:50 EDT" name="abc" finished-at="2020-07-09T13:42:53 EDT" duration-ms="2180" status="PASS">
          <reporter-output>
          </reporter-output>
        </test-method> <!-- abc -->
      </class> <!-- com.hrms.JDBCDemo.JDBCDemo1 -->
    </test> <!-- Default test -->
  </suite> <!-- Default suite -->
</testng-results>
